# JRE version: OpenJDK Runtime Environment Temurin-17.0.2+8 (17.0.2+8) (build 17.0.2+8)
# Java VM: OpenJDK 64-Bit Server VM Temurin-17.0.2+8 (17.0.2+8, mixed mode, emulated-client, tiered, compressed oops, compressed class ptrs, g1 gc, windows-amd64)
GC Precious Log:
 CPUs: 8 total, 8 available
 Memory: 8103M
 Large Page Support: Disabled
 NUMA Support: Disabled
 Compressed Oops: Enabled (32-bit)
 Heap Region Size: 1M
 Heap Min Capacity: 8M
 Heap Initial Capacity: 128M
 Heap Max Capacity: 2026M
 Pre-touch: Disabled
 Parallel Workers: 8
 Concurrent Workers: 2
 Concurrent Refinement Workers: 8
 Periodic GC: Disabled
Heap:
 garbage-first heap   total 73728K, used 27040K [0x0000000081600000, 0x0000000100000000)
  region size 1024K, 5 young (5120K), 3 survivors (3072K)
 Metaspace       used 65306K, committed 65728K, reserved 1105920K
  class space    used 8860K, committed 9088K, reserved 1048576K
GC Heap History (20 events):
Event: 1.781 GC heap before
{Heap before GC invocations=7 (full 0):
 garbage-first heap   total 37888K, used 26617K [0x0000000081600000, 0x0000000100000000)
  region size 1024K, 17 young (17408K), 1 survivors (1024K)
 Metaspace       used 28377K, committed 28672K, reserved 1081344K
  class space    used 3495K, committed 3648K, reserved 1048576K
}
Event: 1.782 GC heap after
{Heap after GC invocations=8 (full 0):
 garbage-first heap   total 37888K, used 11788K [0x0000000081600000, 0x0000000100000000)
  region size 1024K, 2 young (2048K), 2 survivors (2048K)
 Metaspace       used 28377K, committed 28672K, reserved 1081344K
  class space    used 3495K, committed 3648K, reserved 1048576K
}
Event: 1.900 GC heap before
{Heap before GC invocations=8 (full 0):
 garbage-first heap   total 37888K, used 27148K [0x0000000081600000, 0x0000000100000000)
  region size 1024K, 18 young (18432K), 2 survivors (2048K)
 Metaspace       used 30089K, committed 30464K, reserved 1081344K
  class space    used 3720K, committed 3904K, reserved 1048576K
}
Event: 1.902 GC heap after
{Heap after GC invocations=9 (full 0):
 garbage-first heap   total 72704K, used 12786K [0x0000000081600000, 0x0000000100000000)
  region size 1024K, 3 young (3072K), 3 survivors (3072K)
 Metaspace       used 30089K, committed 30464K, reserved 1081344K
  class space    used 3720K, committed 3904K, reserved 1048576K
}
Event: 2.404 GC heap before
{Heap before GC invocations=9 (full 0):
 garbage-first heap   total 72704K, used 50674K [0x0000000081600000, 0x0000000100000000)
  region size 1024K, 41 young (41984K), 3 survivors (3072K)
 Metaspace       used 33830K, committed 34176K, reserved 1081344K
  class space    used 4291K, committed 4480K, reserved 1048576K
}
Event: 2.409 GC heap after
{Heap after GC invocations=10 (full 0):
 garbage-first heap   total 72704K, used 15076K [0x0000000081600000, 0x0000000100000000)
  region size 1024K, 5 young (5120K), 5 survivors (5120K)
 Metaspace       used 33830K, committed 34176K, reserved 1081344K
  class space    used 4291K, committed 4480K, reserved 1048576K
}
Event: 2.615 GC heap before
{Heap before GC invocations=10 (full 0):
 garbage-first heap   total 72704K, used 27364K [0x0000000081600000, 0x0000000100000000)
  region size 1024K, 18 young (18432K), 5 survivors (5120K)
 Metaspace       used 35794K, committed 36096K, reserved 1081344K
  class space    used 4572K, committed 4736K, reserved 1048576K
}
Event: 2.619 GC heap after
{Heap after GC invocations=11 (full 0):
 garbage-first heap   total 72704K, used 16289K [0x0000000081600000, 0x0000000100000000)
  region size 1024K, 4 young (4096K), 4 survivors (4096K)
 Metaspace       used 35794K, committed 36096K, reserved 1081344K
  class space    used 4572K, committed 4736K, reserved 1048576K
}
Event: 3.090 GC heap before
{Heap before GC invocations=12 (full 0):
 garbage-first heap   total 61440K, used 49057K [0x0000000081600000, 0x0000000100000000)
  region size 1024K, 36 young (36864K), 4 survivors (4096K)
 Metaspace       used 41188K, committed 41600K, reserved 1089536K
  class space    used 5306K, committed 5504K, reserved 1048576K
}
Event: 3.096 GC heap after
{Heap after GC invocations=13 (full 0):
 garbage-first heap   total 61440K, used 19569K [0x0000000081600000, 0x0000000100000000)
  region size 1024K, 5 young (5120K), 5 survivors (5120K)
 Metaspace       used 41188K, committed 41600K, reserved 1089536K
  class space    used 5306K, committed 5504K, reserved 1048576K
}
Event: 3.116 GC heap before
{Heap before GC invocations=13 (full 0):
 garbage-first heap   total 61440K, used 20593K [0x0000000081600000, 0x0000000100000000)
  region size 1024K, 6 young (6144K), 5 survivors (5120K)
 Metaspace       used 41339K, committed 41728K, reserved 1089536K
  class space    used 5324K, committed 5504K, reserved 1048576K
}
Event: 3.120 GC heap after
{Heap after GC invocations=14 (full 0):
 garbage-first heap   total 73728K, used 20148K [0x0000000081600000, 0x0000000100000000)
  region size 1024K, 1 young (1024K), 1 survivors (1024K)
 Metaspace       used 41339K, committed 41728K, reserved 1089536K
  class space    used 5324K, committed 5504K, reserved 1048576K
}
Event: 4.149 GC heap before
{Heap before GC invocations=14 (full 0):
 garbage-first heap   total 73728K, used 55988K [0x0000000081600000, 0x0000000100000000)
  region size 1024K, 36 young (36864K), 1 survivors (1024K)
 Metaspace       used 52865K, committed 53248K, reserved 1097728K
  class space    used 6942K, committed 7104K, reserved 1048576K
}
Event: 4.153 GC heap after
{Heap after GC invocations=15 (full 0):
 garbage-first heap   total 73728K, used 22272K [0x0000000081600000, 0x0000000100000000)
  region size 1024K, 3 young (3072K), 3 survivors (3072K)
 Metaspace       used 52865K, committed 53248K, reserved 1097728K
  class space    used 6942K, committed 7104K, reserved 1048576K
}
Event: 4.889 GC heap before
{Heap before GC invocations=16 (full 0):
 garbage-first heap   total 73728K, used 56064K [0x0000000081600000, 0x0000000100000000)
  region size 1024K, 37 young (37888K), 3 survivors (3072K)
 Metaspace       used 58779K, committed 59136K, reserved 1105920K
  class space    used 7810K, committed 8000K, reserved 1048576K
}
Event: 4.893 GC heap after
{Heap after GC invocations=17 (full 0):
 garbage-first heap   total 73728K, used 24200K [0x0000000081600000, 0x0000000100000000)
  region size 1024K, 2 young (2048K), 2 survivors (2048K)
 Metaspace       used 58779K, committed 59136K, reserved 1105920K
  class space    used 7810K, committed 8000K, reserved 1048576K
}
Event: 4.908 GC heap before
{Heap before GC invocations=17 (full 0):
 garbage-first heap   total 73728K, used 24200K [0x0000000081600000, 0x0000000100000000)
  region size 1024K, 3 young (3072K), 2 survivors (2048K)
 Metaspace       used 58990K, committed 59328K, reserved 1105920K
  class space    used 7858K, committed 8000K, reserved 1048576K
}
Event: 4.911 GC heap after
{Heap after GC invocations=18 (full 0):
 garbage-first heap   total 73728K, used 24277K [0x0000000081600000, 0x0000000100000000)
  region size 1024K, 1 young (1024K), 1 survivors (1024K)
 Metaspace       used 58990K, committed 59328K, reserved 1105920K
  class space    used 7858K, committed 8000K, reserved 1048576K
}
Event: 5.505 GC heap before
{Heap before GC invocations=18 (full 0):
 garbage-first heap   total 73728K, used 57045K [0x0000000081600000, 0x0000000100000000)
  region size 1024K, 33 young (33792K), 1 survivors (1024K)
 Metaspace       used 65085K, committed 65536K, reserved 1105920K
  class space    used 8825K, committed 9024K, reserved 1048576K
}
Event: 5.507 GC heap after
{Heap after GC invocations=19 (full 0):
 garbage-first heap   total 73728K, used 26016K [0x0000000081600000, 0x0000000100000000)
  region size 1024K, 3 young (3072K), 3 survivors (3072K)
 Metaspace       used 65085K, committed 65536K, reserved 1105920K
  class space    used 8825K, committed 9024K, reserved 1048576K
}

